<?xml version="1.0" encoding="UTF-8"?>
<!-- Generated by org.testng.reporters.JUnitReportReporter -->
<testsuite hostname="Lenovo-PC" name="excel.data.ExcelDataProvider" tests="2" failures="0" timestamp="14 Nov 2019 22:55:22 GMT" time="0.067" errors="0">
  <testcase name="test" time="0.063" classname="excel.data.ExcelDataProvider"/>
  <testcase name="test" time="0.004" classname="excel.data.ExcelDataProvider"/>
</testsuite> <!-- excel.data.ExcelDataProvider -->
