<?xml version="1.0" encoding="UTF-8"?>
<!-- Generated by org.testng.reporters.JUnitReportReporter -->
<testsuite hostname="Lenovo-PC" name="tests.TestGoogleSearchPage2" tests="1" failures="0" timestamp="14 Nov 2019 16:54:36 GMT" time="6.622" errors="0">
  <testcase name="testGoogleSearchPage" time="6.622" classname="tests.TestGoogleSearchPage2"/>
</testsuite> <!-- tests.TestGoogleSearchPage2 -->
