<?xml version="1.0" encoding="UTF-8"?>
<!-- Generated by org.testng.reporters.JUnitReportReporter -->
<testsuite hostname="Lenovo-PC" name="grouptest.TestNGGroupDemo2" tests="1" failures="0" timestamp="5 Dec 2019 19:51:22 GMT" time="0.042" errors="0">
  <testcase name="test1" time="0.042" classname="grouptest.TestNGGroupDemo2"/>
</testsuite> <!-- grouptest.TestNGGroupDemo2 -->
