<?xml version="1.0" encoding="UTF-8"?>
<!-- Generated by org.testng.reporters.JUnitReportReporter -->
<testsuite hostname="Lenovo-PC" name="tests.ExtentReportBasicTestNG" tests="1" failures="0" timestamp="7 Nov 2019 20:42:41 GMT" time="15.674" errors="0">
  <testcase name="test" time="15.674" classname="tests.ExtentReportBasicTestNG"/>
</testsuite> <!-- tests.ExtentReportBasicTestNG -->
