<?xml version="1.0" encoding="UTF-8"?>
<!-- Generated by org.testng.reporters.JUnitReportReporter -->
<testsuite hostname="Lenovo-PC" name="TesNGParameter.TestNGParametersDemo" tests="1" failures="0" timestamp="6 Dec 2019 19:24:33 GMT" time="0.036" errors="0">
  <testcase name="test1" time="0.036" classname="TesNGParameter.TestNGParametersDemo"/>
</testsuite> <!-- TesNGParameter.TestNGParametersDemo -->
