<?xml version="1.0" encoding="UTF-8"?>
<!-- Generated by org.testng.reporters.JUnitReportReporter -->
<testsuite hostname="Lenovo-PC" name="browsertest.ParallelBrowserTest" tests="1" failures="0" timestamp="4 Dec 2019 17:49:18 GMT" time="10.036" errors="0">
  <testcase name="test" time="10.036" classname="browsertest.ParallelBrowserTest"/>
</testsuite> <!-- browsertest.ParallelBrowserTest -->
