<?xml version="1.0" encoding="UTF-8"?>
<!-- Generated by org.testng.reporters.JUnitReportReporter -->
<testsuite hostname="Lenovo-PC" name="TestNGPriority.TestNGTestPriority" tests="3" failures="0" timestamp="3 Dec 2019 20:27:39 GMT" time="0.083" errors="0">
  <testcase name="test1" time="0.006" classname="TestNGPriority.TestNGTestPriority"/>
  <testcase name="test3" time="0.052" classname="TestNGPriority.TestNGTestPriority"/>
  <testcase name="test2" time="0.025" classname="TestNGPriority.TestNGTestPriority"/>
</testsuite> <!-- TestNGPriority.TestNGTestPriority -->
