<?xml version="1.0" encoding="UTF-8"?>
<!-- Generated by org.testng.reporters.JUnitReportReporter -->
<testsuite hostname="Lenovo-PC" name="tests.TestGoogleSearchPage" tests="1" failures="0" timestamp="13 Nov 2019 19:29:38 GMT" time="8.291" errors="0">
  <testcase name="testGoogleSearchPage" time="8.291" classname="tests.TestGoogleSearchPage"/>
</testsuite> <!-- tests.TestGoogleSearchPage -->
