<?xml version="1.0" encoding="UTF-8"?>
<!-- Generated by org.testng.reporters.JUnitReportReporter -->
<testsuite hostname="Lenovo-PC" name="TestNGIgnore.TestNGIgnoreDemo" tests="3" failures="0" timestamp="6 Dec 2019 20:54:56 GMT" time="0.051" errors="0">
  <testcase name="test2" time="0.010" classname="TestNGIgnore.TestNGIgnoreDemo"/>
  <testcase name="test3" time="0.004" classname="TestNGIgnore.TestNGIgnoreDemo"/>
  <testcase name="test1" time="0.037" classname="TestNGIgnore.TestNGIgnoreDemo"/>
</testsuite> <!-- TestNGIgnore.TestNGIgnoreDemo -->
