<?xml version="1.0" encoding="UTF-8"?>
<!-- Generated by org.testng.reporters.JUnitReportReporter -->
<testsuite hostname="Lenovo-PC" name="grouptest.TestNGGroupDemo4" tests="4" failures="0" timestamp="6 Dec 2019 19:56:56 GMT" time="0.038" errors="0">
  <testcase name="test1" time="0.006" classname="grouptest.TestNGGroupDemo4"/>
  <testcase name="test2" time="0.006" classname="grouptest.TestNGGroupDemo4"/>
  <testcase name="test4" time="0.018" classname="grouptest.TestNGGroupDemo4"/>
  <testcase name="test3" time="0.008" classname="grouptest.TestNGGroupDemo4"/>
</testsuite> <!-- grouptest.TestNGGroupDemo4 -->
