<?xml version="1.0" encoding="UTF-8"?>
<!-- Generated by org.testng.reporters.JUnitReportReporter -->
<testsuite hostname="Lenovo-PC" name="grouptest.TestNGGroupDemo" tests="4" failures="0" timestamp="6 Dec 2019 19:56:56 GMT" time="0.029" errors="0">
  <testcase name="test3" time="0.005" classname="grouptest.TestNGGroupDemo"/>
  <testcase name="test4" time="0.006" classname="grouptest.TestNGGroupDemo"/>
  <testcase name="test1" time="0.006" classname="grouptest.TestNGGroupDemo"/>
  <testcase name="test2" time="0.012" classname="grouptest.TestNGGroupDemo"/>
</testsuite> <!-- grouptest.TestNGGroupDemo -->
