<?xml version="1.0" encoding="UTF-8"?>
<!-- Generated by org.testng.reporters.JUnitReportReporter -->
<testsuite hostname="Lenovo-PC" name="TestNGDependencies.TestNGDependenciesDemo" tests="3" failures="0" timestamp="6 Dec 2019 20:17:07 GMT" time="0.056" errors="0">
  <testcase name="test1" time="0.006" classname="TestNGDependencies.TestNGDependenciesDemo"/>
  <testcase name="test2" time="0.037" classname="TestNGDependencies.TestNGDependenciesDemo"/>
  <testcase name="test3" time="0.013" classname="TestNGDependencies.TestNGDependenciesDemo"/>
</testsuite> <!-- TestNGDependencies.TestNGDependenciesDemo -->
